11 01, 2020 14:51:06 下午 com.john.diytomcat.Bootstrap logJVM
INFO : Server version:		DIYTomcat/1.0.0
11 01, 2020 14:51:06 下午 com.john.diytomcat.Bootstrap logJVM
INFO : Server built:		2020-11-1 14:11:00
11 01, 2020 14:51:06 下午 com.john.diytomcat.Bootstrap logJVM
INFO : Server number:		1.0.0
11 01, 2020 14:51:06 下午 com.john.diytomcat.Bootstrap logJVM
INFO : OS Name	:		Windows 10
11 01, 2020 14:51:06 下午 com.john.diytomcat.Bootstrap logJVM
INFO : OS Version:		10.0
11 01, 2020 14:51:06 下午 com.john.diytomcat.Bootstrap logJVM
INFO : Architecture:		amd64
11 01, 2020 14:51:06 下午 com.john.diytomcat.Bootstrap logJVM
INFO : Java Home:		C:\Program Files\Java\jdk1.8.0_241\jre
11 01, 2020 14:51:06 下午 com.john.diytomcat.Bootstrap logJVM
INFO : JVM Version:		1.8.0_241-b07
11 01, 2020 14:51:06 下午 com.john.diytomcat.Bootstrap logJVM
INFO : JVM Vendor:		Oracle Corporation
11 01, 2020 15:03:59 下午 com.john.diytomcat.Bootstrap logJVM
INFO : Server version:		DIYTomcat/1.0.0
11 01, 2020 15:03:59 下午 com.john.diytomcat.Bootstrap logJVM
INFO : Server built:		2020-11-1 14:11:00
11 01, 2020 15:03:59 下午 com.john.diytomcat.Bootstrap logJVM
INFO : Server number:		1.0.0
11 01, 2020 15:03:59 下午 com.john.diytomcat.Bootstrap logJVM
INFO : OS Name	:		Windows 10
11 01, 2020 15:03:59 下午 com.john.diytomcat.Bootstrap logJVM
INFO : OS Version:		10.0
11 01, 2020 15:03:59 下午 com.john.diytomcat.Bootstrap logJVM
INFO : Architecture:		amd64
11 01, 2020 15:03:59 下午 com.john.diytomcat.Bootstrap logJVM
INFO : Java Home:		C:\Program Files\Java\jdk1.8.0_241\jre
11 01, 2020 15:03:59 下午 com.john.diytomcat.Bootstrap logJVM
INFO : JVM Version:		1.8.0_241-b07
11 01, 2020 15:03:59 下午 com.john.diytomcat.Bootstrap logJVM
INFO : JVM Vendor:		Oracle Corporation
