02 21, 2021 21:26:44 下午 com.john.diytomcat.catalina.Context <init>
INFO : Deploying web application directory D:\Projects\idea_projects\diytomcat\webapps\a
02 21, 2021 21:26:44 下午 com.john.diytomcat.catalina.Context <init>
INFO : Deployment of web application directory D:\Projects\idea_projects\diytomcat\webapps\a has finished in 108 ms
02 21, 2021 21:26:44 下午 com.john.diytomcat.catalina.Context <init>
INFO : Deploying web application directory D:\Projects\idea_projects\diytomcat\webapps\ROOT
02 21, 2021 21:26:44 下午 com.john.diytomcat.catalina.Context <init>
INFO : Deployment of web application directory D:\Projects\idea_projects\diytomcat\webapps\ROOT has finished in 0 ms
02 21, 2021 21:26:44 下午 com.john.diytomcat.catalina.Context <init>
INFO : Deploying web application directory d:/Projects/idea_projects/diytomcat/b
02 21, 2021 21:26:44 下午 com.john.diytomcat.catalina.Context <init>
INFO : Deployment of web application directory d:/Projects/idea_projects/diytomcat/b has finished in 1 ms
02 21, 2021 21:26:44 下午 com.john.diytomcat.catalina.Server logJVM
INFO : Server version:		DIYTomcat/1.0.0
02 21, 2021 21:26:44 下午 com.john.diytomcat.catalina.Server logJVM
INFO : Server built:		2020-11-1 14:11:00
02 21, 2021 21:26:44 下午 com.john.diytomcat.catalina.Server logJVM
INFO : Server number:		1.0.1
02 21, 2021 21:26:44 下午 com.john.diytomcat.catalina.Server logJVM
INFO : OS Name	:		Windows 10
02 21, 2021 21:26:44 下午 com.john.diytomcat.catalina.Server logJVM
INFO : OS Version:		10.0
02 21, 2021 21:26:44 下午 com.john.diytomcat.catalina.Server logJVM
INFO : Architecture:		amd64
02 21, 2021 21:26:44 下午 com.john.diytomcat.catalina.Server logJVM
INFO : Java Home:		C:\Program Files\Java\jdk1.8.0_271\jre
02 21, 2021 21:26:44 下午 com.john.diytomcat.catalina.Server logJVM
INFO : JVM Version:		1.8.0_271-b09
02 21, 2021 21:26:44 下午 com.john.diytomcat.catalina.Server logJVM
INFO : JVM Vendor:		Oracle Corporation
02 21, 2021 21:26:44 下午 com.john.diytomcat.catalina.Connector init
INFO : Initializing ProtocolHandler [http-bio-18080]
02 21, 2021 21:26:44 下午 com.john.diytomcat.catalina.Connector init
INFO : Initializing ProtocolHandler [http-bio-18081]
02 21, 2021 21:26:44 下午 com.john.diytomcat.catalina.Connector init
INFO : Initializing ProtocolHandler [http-bio-18082]
02 21, 2021 21:26:44 下午 com.john.diytomcat.catalina.Service init
INFO : Initialization processed in 1 ms
02 21, 2021 21:26:44 下午 com.john.diytomcat.catalina.Connector start
INFO : Starting ProtocolHandler [http-bio-18080]
02 21, 2021 21:26:44 下午 com.john.diytomcat.catalina.Connector start
INFO : Starting ProtocolHandler [http-bio-18081]
02 21, 2021 21:26:44 下午 com.john.diytomcat.catalina.Connector start
INFO : Starting ProtocolHandler [http-bio-18082]
02 21, 2021 21:26:44 下午 com.john.diytomcat.catalina.Server start
INFO : Server startup in 5 ms
02 21, 2021 21:26:48 下午 com.john.diytomcat.catalina.HttpProcessor error
ERROR: this is a deliberately created exception
java.lang.Exception: this is a deliberately created exception
	at com.john.diytomcat.catalina.HttpProcessor.execute(HttpProcessor.java:29)
	at com.john.diytomcat.catalina.Connector$1.run(Connector.java:49)
	at java.util.concurrent.ThreadPoolExecutor.runWorker(ThreadPoolExecutor.java:1149)
	at java.util.concurrent.ThreadPoolExecutor$Worker.run(ThreadPoolExecutor.java:624)
	at java.lang.Thread.run(Thread.java:748)
