02 15, 2021 15:35:50 下午 com.john.diytomcat.catalina.Context <init>
INFO : Deploying web application directory D:\Projects\idea_projects\diytomcat\webapps\a
02 15, 2021 15:35:50 下午 com.john.diytomcat.catalina.Context <init>
INFO : Deployment of web application directory D:\Projects\idea_projects\diytomcat\webapps\a has finished in 194 ms
02 15, 2021 15:35:50 下午 com.john.diytomcat.catalina.Context <init>
INFO : Deploying web application directory D:\Projects\idea_projects\diytomcat\webapps\ROOT
02 15, 2021 15:35:50 下午 com.john.diytomcat.catalina.Context <init>
INFO : Deployment of web application directory D:\Projects\idea_projects\diytomcat\webapps\ROOT has finished in 0 ms
02 15, 2021 15:35:50 下午 com.john.diytomcat.catalina.Context <init>
INFO : Deploying web application directory d:/Projects/idea_projects/diytomcat/b
02 15, 2021 15:35:50 下午 com.john.diytomcat.catalina.Context <init>
INFO : Deployment of web application directory d:/Projects/idea_projects/diytomcat/b has finished in 1 ms
02 15, 2021 15:35:50 下午 com.john.diytomcat.catalina.Server logJVM
INFO : Server version:		DIYTomcat/1.0.0
02 15, 2021 15:35:50 下午 com.john.diytomcat.catalina.Server logJVM
INFO : Server built:		2020-11-1 14:11:00
02 15, 2021 15:35:50 下午 com.john.diytomcat.catalina.Server logJVM
INFO : Server number:		1.0.0
02 15, 2021 15:35:50 下午 com.john.diytomcat.catalina.Server logJVM
INFO : OS Name	:		Windows 10
02 15, 2021 15:35:50 下午 com.john.diytomcat.catalina.Server logJVM
INFO : OS Version:		10.0
02 15, 2021 15:35:50 下午 com.john.diytomcat.catalina.Server logJVM
INFO : Architecture:		amd64
02 15, 2021 15:35:50 下午 com.john.diytomcat.catalina.Server logJVM
INFO : Java Home:		C:\Program Files\Java\jdk1.8.0_271\jre
02 15, 2021 15:35:50 下午 com.john.diytomcat.catalina.Server logJVM
INFO : JVM Version:		1.8.0_271-b09
02 15, 2021 15:35:50 下午 com.john.diytomcat.catalina.Server logJVM
INFO : JVM Vendor:		Oracle Corporation
02 15, 2021 15:36:53 下午 com.john.diytomcat.catalina.Context <init>
INFO : Deploying web application directory D:\Projects\idea_projects\diytomcat\webapps\a
02 15, 2021 15:36:53 下午 com.john.diytomcat.catalina.Context <init>
INFO : Deployment of web application directory D:\Projects\idea_projects\diytomcat\webapps\a has finished in 126 ms
02 15, 2021 15:36:53 下午 com.john.diytomcat.catalina.Context <init>
INFO : Deploying web application directory D:\Projects\idea_projects\diytomcat\webapps\ROOT
02 15, 2021 15:36:53 下午 com.john.diytomcat.catalina.Context <init>
INFO : Deployment of web application directory D:\Projects\idea_projects\diytomcat\webapps\ROOT has finished in 1 ms
02 15, 2021 15:36:53 下午 com.john.diytomcat.catalina.Context <init>
INFO : Deploying web application directory d:/Projects/idea_projects/diytomcat/b
02 15, 2021 15:36:53 下午 com.john.diytomcat.catalina.Context <init>
INFO : Deployment of web application directory d:/Projects/idea_projects/diytomcat/b has finished in 1 ms
02 15, 2021 15:36:53 下午 com.john.diytomcat.catalina.Server logJVM
INFO : Server version:		DIYTomcat/1.0.0
02 15, 2021 15:36:53 下午 com.john.diytomcat.catalina.Server logJVM
INFO : Server built:		2020-11-1 14:11:00
02 15, 2021 15:36:53 下午 com.john.diytomcat.catalina.Server logJVM
INFO : Server number:		1.0.0
02 15, 2021 15:36:53 下午 com.john.diytomcat.catalina.Server logJVM
INFO : OS Name	:		Windows 10
02 15, 2021 15:36:53 下午 com.john.diytomcat.catalina.Server logJVM
INFO : OS Version:		10.0
02 15, 2021 15:36:53 下午 com.john.diytomcat.catalina.Server logJVM
INFO : Architecture:		amd64
02 15, 2021 15:36:53 下午 com.john.diytomcat.catalina.Server logJVM
INFO : Java Home:		C:\Program Files\Java\jdk1.8.0_271\jre
02 15, 2021 15:36:53 下午 com.john.diytomcat.catalina.Server logJVM
INFO : JVM Version:		1.8.0_271-b09
02 15, 2021 15:36:53 下午 com.john.diytomcat.catalina.Server logJVM
INFO : JVM Vendor:		Oracle Corporation
02 15, 2021 15:43:27 下午 com.john.diytomcat.catalina.Context <init>
INFO : Deploying web application directory D:\Projects\idea_projects\diytomcat\webapps\a
02 15, 2021 15:43:27 下午 com.john.diytomcat.catalina.Context <init>
INFO : Deployment of web application directory D:\Projects\idea_projects\diytomcat\webapps\a has finished in 205 ms
02 15, 2021 15:43:27 下午 com.john.diytomcat.catalina.Context <init>
INFO : Deploying web application directory D:\Projects\idea_projects\diytomcat\webapps\ROOT
02 15, 2021 15:43:27 下午 com.john.diytomcat.catalina.Context <init>
INFO : Deployment of web application directory D:\Projects\idea_projects\diytomcat\webapps\ROOT has finished in 0 ms
02 15, 2021 15:43:27 下午 com.john.diytomcat.catalina.Context <init>
INFO : Deploying web application directory d:/Projects/idea_projects/diytomcat/b
02 15, 2021 15:43:27 下午 com.john.diytomcat.catalina.Context <init>
INFO : Deployment of web application directory d:/Projects/idea_projects/diytomcat/b has finished in 2 ms
02 15, 2021 15:43:27 下午 com.john.diytomcat.catalina.Server logJVM
INFO : Server version:		DIYTomcat/1.0.0
02 15, 2021 15:43:27 下午 com.john.diytomcat.catalina.Server logJVM
INFO : Server built:		2020-11-1 14:11:00
02 15, 2021 15:43:27 下午 com.john.diytomcat.catalina.Server logJVM
INFO : Server number:		1.0.0
02 15, 2021 15:43:27 下午 com.john.diytomcat.catalina.Server logJVM
INFO : OS Name	:		Windows 10
02 15, 2021 15:43:27 下午 com.john.diytomcat.catalina.Server logJVM
INFO : OS Version:		10.0
02 15, 2021 15:43:27 下午 com.john.diytomcat.catalina.Server logJVM
INFO : Architecture:		amd64
02 15, 2021 15:43:27 下午 com.john.diytomcat.catalina.Server logJVM
INFO : Java Home:		C:\Program Files\Java\jdk1.8.0_271\jre
02 15, 2021 15:43:27 下午 com.john.diytomcat.catalina.Server logJVM
INFO : JVM Version:		1.8.0_271-b09
02 15, 2021 15:43:27 下午 com.john.diytomcat.catalina.Server logJVM
INFO : JVM Vendor:		Oracle Corporation
02 15, 2021 17:46:14 下午 com.john.diytomcat.catalina.Context <init>
INFO : Deploying web application directory D:\Projects\idea_projects\diytomcat\webapps\a
02 15, 2021 17:46:14 下午 com.john.diytomcat.catalina.Context <init>
INFO : Deployment of web application directory D:\Projects\idea_projects\diytomcat\webapps\a has finished in 160 ms
02 15, 2021 17:46:14 下午 com.john.diytomcat.catalina.Context <init>
INFO : Deploying web application directory D:\Projects\idea_projects\diytomcat\webapps\ROOT
02 15, 2021 17:46:14 下午 com.john.diytomcat.catalina.Context <init>
INFO : Deployment of web application directory D:\Projects\idea_projects\diytomcat\webapps\ROOT has finished in 0 ms
02 15, 2021 17:46:14 下午 com.john.diytomcat.catalina.Context <init>
INFO : Deploying web application directory d:/Projects/idea_projects/diytomcat/b
02 15, 2021 17:46:14 下午 com.john.diytomcat.catalina.Context <init>
INFO : Deployment of web application directory d:/Projects/idea_projects/diytomcat/b has finished in 2 ms
02 15, 2021 17:46:14 下午 com.john.diytomcat.catalina.Server logJVM
INFO : Server version:		DIYTomcat/1.0.0
02 15, 2021 17:46:14 下午 com.john.diytomcat.catalina.Server logJVM
INFO : Server built:		2020-11-1 14:11:00
02 15, 2021 17:46:14 下午 com.john.diytomcat.catalina.Server logJVM
INFO : Server number:		1.0.0
02 15, 2021 17:46:14 下午 com.john.diytomcat.catalina.Server logJVM
INFO : OS Name	:		Windows 10
02 15, 2021 17:46:14 下午 com.john.diytomcat.catalina.Server logJVM
INFO : OS Version:		10.0
02 15, 2021 17:46:14 下午 com.john.diytomcat.catalina.Server logJVM
INFO : Architecture:		amd64
02 15, 2021 17:46:14 下午 com.john.diytomcat.catalina.Server logJVM
INFO : Java Home:		C:\Program Files\Java\jdk1.8.0_271\jre
02 15, 2021 17:46:14 下午 com.john.diytomcat.catalina.Server logJVM
INFO : JVM Version:		1.8.0_271-b09
02 15, 2021 17:46:14 下午 com.john.diytomcat.catalina.Server logJVM
INFO : JVM Vendor:		Oracle Corporation
