02 20, 2021 15:16:40 下午 com.john.diytomcat.catalina.Context <init>
INFO : Deploying web application directory D:\Projects\idea_projects\diytomcat\webapps\a
02 20, 2021 15:16:40 下午 com.john.diytomcat.catalina.Context <init>
INFO : Deployment of web application directory D:\Projects\idea_projects\diytomcat\webapps\a has finished in 179 ms
02 20, 2021 15:16:40 下午 com.john.diytomcat.catalina.Context <init>
INFO : Deploying web application directory D:\Projects\idea_projects\diytomcat\webapps\ROOT
02 20, 2021 15:16:40 下午 com.john.diytomcat.catalina.Context <init>
INFO : Deployment of web application directory D:\Projects\idea_projects\diytomcat\webapps\ROOT has finished in 3 ms
02 20, 2021 15:16:40 下午 com.john.diytomcat.catalina.Context <init>
INFO : Deploying web application directory d:/Projects/idea_projects/diytomcat/b
02 20, 2021 15:16:40 下午 com.john.diytomcat.catalina.Context <init>
INFO : Deployment of web application directory d:/Projects/idea_projects/diytomcat/b has finished in 1 ms
02 20, 2021 15:16:40 下午 com.john.diytomcat.catalina.Server logJVM
INFO : Server version:		DIYTomcat/1.0.0
02 20, 2021 15:16:40 下午 com.john.diytomcat.catalina.Server logJVM
INFO : Server built:		2020-11-1 14:11:00
02 20, 2021 15:16:40 下午 com.john.diytomcat.catalina.Server logJVM
INFO : Server number:		1.0.1
02 20, 2021 15:16:40 下午 com.john.diytomcat.catalina.Server logJVM
INFO : OS Name	:		Windows 10
02 20, 2021 15:16:40 下午 com.john.diytomcat.catalina.Server logJVM
INFO : OS Version:		10.0
02 20, 2021 15:16:40 下午 com.john.diytomcat.catalina.Server logJVM
INFO : Architecture:		amd64
02 20, 2021 15:16:40 下午 com.john.diytomcat.catalina.Server logJVM
INFO : Java Home:		C:\Program Files\Java\jdk1.8.0_271\jre
02 20, 2021 15:16:40 下午 com.john.diytomcat.catalina.Server logJVM
INFO : JVM Version:		1.8.0_271-b09
02 20, 2021 15:16:40 下午 com.john.diytomcat.catalina.Server logJVM
INFO : JVM Vendor:		Oracle Corporation
02 20, 2021 15:16:40 下午 com.john.diytomcat.catalina.Connector init
INFO : Initializing ProtocolHandler [http-bio-18080]
02 20, 2021 15:16:40 下午 com.john.diytomcat.catalina.Connector init
INFO : Initializing ProtocolHandler [http-bio-18081]
02 20, 2021 15:16:40 下午 com.john.diytomcat.catalina.Connector init
INFO : Initializing ProtocolHandler [http-bio-18082]
02 20, 2021 15:16:40 下午 com.john.diytomcat.catalina.Service init
INFO : Initialization processed in 3 ms
02 20, 2021 15:16:40 下午 com.john.diytomcat.catalina.Connector start
INFO : Starting ProtocolHandler [http-bio-18080]
02 20, 2021 15:16:40 下午 com.john.diytomcat.catalina.Connector start
INFO : Starting ProtocolHandler [http-bio-18081]
02 20, 2021 15:16:40 下午 com.john.diytomcat.catalina.Connector start
INFO : Starting ProtocolHandler [http-bio-18082]
02 20, 2021 15:16:40 下午 com.john.diytomcat.catalina.Server start
INFO : Server startup in 11 ms
02 20, 2021 15:17:01 下午 com.john.diytomcat.catalina.Connector$1 error
ERROR: this is a deliberately created exception
java.lang.Exception: this is a deliberately created exception
	at com.john.diytomcat.catalina.Connector$1.run(Connector.java:57)
	at java.util.concurrent.ThreadPoolExecutor.runWorker(ThreadPoolExecutor.java:1149)
	at java.util.concurrent.ThreadPoolExecutor$Worker.run(ThreadPoolExecutor.java:624)
	at java.lang.Thread.run(Thread.java:748)
02 20, 2021 15:17:26 下午 com.john.diytomcat.catalina.Connector$1 error
ERROR: this is a deliberately created exception
java.lang.Exception: this is a deliberately created exception
	at com.john.diytomcat.catalina.Connector$1.run(Connector.java:57)
	at java.util.concurrent.ThreadPoolExecutor.runWorker(ThreadPoolExecutor.java:1149)
	at java.util.concurrent.ThreadPoolExecutor$Worker.run(ThreadPoolExecutor.java:624)
	at java.lang.Thread.run(Thread.java:748)
02 20, 2021 16:13:52 下午 com.john.diytomcat.catalina.Context <init>
INFO : Deploying web application directory D:\Projects\idea_projects\diytomcat\webapps\a
02 20, 2021 16:13:52 下午 com.john.diytomcat.catalina.Context <init>
INFO : Deployment of web application directory D:\Projects\idea_projects\diytomcat\webapps\a has finished in 122 ms
02 20, 2021 16:13:52 下午 com.john.diytomcat.catalina.Context <init>
INFO : Deploying web application directory D:\Projects\idea_projects\diytomcat\webapps\ROOT
02 20, 2021 16:13:52 下午 com.john.diytomcat.catalina.Context <init>
INFO : Deployment of web application directory D:\Projects\idea_projects\diytomcat\webapps\ROOT has finished in 0 ms
02 20, 2021 16:13:52 下午 com.john.diytomcat.catalina.Context <init>
INFO : Deploying web application directory d:/Projects/idea_projects/diytomcat/b
02 20, 2021 16:13:52 下午 com.john.diytomcat.catalina.Context <init>
INFO : Deployment of web application directory d:/Projects/idea_projects/diytomcat/b has finished in 0 ms
02 20, 2021 16:13:52 下午 com.john.diytomcat.catalina.Server logJVM
INFO : Server version:		DIYTomcat/1.0.0
02 20, 2021 16:13:52 下午 com.john.diytomcat.catalina.Server logJVM
INFO : Server built:		2020-11-1 14:11:00
02 20, 2021 16:13:52 下午 com.john.diytomcat.catalina.Server logJVM
INFO : Server number:		1.0.1
02 20, 2021 16:13:52 下午 com.john.diytomcat.catalina.Server logJVM
INFO : OS Name	:		Windows 10
02 20, 2021 16:13:52 下午 com.john.diytomcat.catalina.Server logJVM
INFO : OS Version:		10.0
02 20, 2021 16:13:52 下午 com.john.diytomcat.catalina.Server logJVM
INFO : Architecture:		amd64
02 20, 2021 16:13:52 下午 com.john.diytomcat.catalina.Server logJVM
INFO : Java Home:		C:\Program Files\Java\jdk1.8.0_271\jre
02 20, 2021 16:13:52 下午 com.john.diytomcat.catalina.Server logJVM
INFO : JVM Version:		1.8.0_271-b09
02 20, 2021 16:13:52 下午 com.john.diytomcat.catalina.Server logJVM
INFO : JVM Vendor:		Oracle Corporation
02 20, 2021 16:13:52 下午 com.john.diytomcat.catalina.Connector init
INFO : Initializing ProtocolHandler [http-bio-18080]
02 20, 2021 16:13:52 下午 com.john.diytomcat.catalina.Connector init
INFO : Initializing ProtocolHandler [http-bio-18081]
02 20, 2021 16:13:52 下午 com.john.diytomcat.catalina.Connector init
INFO : Initializing ProtocolHandler [http-bio-18082]
02 20, 2021 16:13:52 下午 com.john.diytomcat.catalina.Service init
INFO : Initialization processed in 3 ms
02 20, 2021 16:13:52 下午 com.john.diytomcat.catalina.Connector start
INFO : Starting ProtocolHandler [http-bio-18080]
02 20, 2021 16:13:52 下午 com.john.diytomcat.catalina.Connector start
INFO : Starting ProtocolHandler [http-bio-18081]
02 20, 2021 16:13:52 下午 com.john.diytomcat.catalina.Connector start
INFO : Starting ProtocolHandler [http-bio-18082]
02 20, 2021 16:13:52 下午 com.john.diytomcat.catalina.Server start
INFO : Server startup in 12 ms
02 20, 2021 16:13:56 下午 com.john.diytomcat.catalina.HttpProcessor error
ERROR: this is a deliberately created exception
java.lang.Exception: this is a deliberately created exception
	at com.john.diytomcat.catalina.HttpProcessor.execute(HttpProcessor.java:28)
	at com.john.diytomcat.catalina.Connector$1.run(Connector.java:50)
	at java.util.concurrent.ThreadPoolExecutor.runWorker(ThreadPoolExecutor.java:1149)
	at java.util.concurrent.ThreadPoolExecutor$Worker.run(ThreadPoolExecutor.java:624)
	at java.lang.Thread.run(Thread.java:748)
02 20, 2021 16:45:09 下午 com.john.diytomcat.catalina.Context <init>
INFO : Deploying web application directory D:\Projects\idea_projects\diytomcat\webapps\a
02 20, 2021 16:45:09 下午 com.john.diytomcat.catalina.Context <init>
INFO : Deployment of web application directory D:\Projects\idea_projects\diytomcat\webapps\a has finished in 198 ms
02 20, 2021 16:45:09 下午 com.john.diytomcat.catalina.Context <init>
INFO : Deploying web application directory D:\Projects\idea_projects\diytomcat\webapps\ROOT
02 20, 2021 16:45:09 下午 com.john.diytomcat.catalina.Context <init>
INFO : Deployment of web application directory D:\Projects\idea_projects\diytomcat\webapps\ROOT has finished in 0 ms
02 20, 2021 16:45:09 下午 com.john.diytomcat.catalina.Context <init>
INFO : Deploying web application directory d:/Projects/idea_projects/diytomcat/b
02 20, 2021 16:45:09 下午 com.john.diytomcat.catalina.Context <init>
INFO : Deployment of web application directory d:/Projects/idea_projects/diytomcat/b has finished in 0 ms
02 20, 2021 16:45:09 下午 com.john.diytomcat.catalina.Server logJVM
INFO : Server version:		DIYTomcat/1.0.0
02 20, 2021 16:45:09 下午 com.john.diytomcat.catalina.Server logJVM
INFO : Server built:		2020-11-1 14:11:00
02 20, 2021 16:45:09 下午 com.john.diytomcat.catalina.Server logJVM
INFO : Server number:		1.0.1
02 20, 2021 16:45:09 下午 com.john.diytomcat.catalina.Server logJVM
INFO : OS Name	:		Windows 10
02 20, 2021 16:45:09 下午 com.john.diytomcat.catalina.Server logJVM
INFO : OS Version:		10.0
02 20, 2021 16:45:09 下午 com.john.diytomcat.catalina.Server logJVM
INFO : Architecture:		amd64
02 20, 2021 16:45:09 下午 com.john.diytomcat.catalina.Server logJVM
INFO : Java Home:		C:\Program Files\Java\jdk1.8.0_271\jre
02 20, 2021 16:45:09 下午 com.john.diytomcat.catalina.Server logJVM
INFO : JVM Version:		1.8.0_271-b09
02 20, 2021 16:45:09 下午 com.john.diytomcat.catalina.Server logJVM
INFO : JVM Vendor:		Oracle Corporation
02 20, 2021 16:45:09 下午 com.john.diytomcat.catalina.Connector init
INFO : Initializing ProtocolHandler [http-bio-18080]
02 20, 2021 16:45:09 下午 com.john.diytomcat.catalina.Connector init
INFO : Initializing ProtocolHandler [http-bio-18081]
02 20, 2021 16:45:09 下午 com.john.diytomcat.catalina.Connector init
INFO : Initializing ProtocolHandler [http-bio-18082]
02 20, 2021 16:45:09 下午 com.john.diytomcat.catalina.Service init
INFO : Initialization processed in 3 ms
02 20, 2021 16:45:09 下午 com.john.diytomcat.catalina.Connector start
INFO : Starting ProtocolHandler [http-bio-18080]
02 20, 2021 16:45:09 下午 com.john.diytomcat.catalina.Connector start
INFO : Starting ProtocolHandler [http-bio-18081]
02 20, 2021 16:45:09 下午 com.john.diytomcat.catalina.Connector start
INFO : Starting ProtocolHandler [http-bio-18082]
02 20, 2021 16:45:09 下午 com.john.diytomcat.catalina.Server start
INFO : Server startup in 6 ms
02 20, 2021 18:58:49 下午 com.john.diytomcat.catalina.Context <init>
INFO : Deploying web application directory D:\Projects\idea_projects\diytomcat\webapps\a
02 20, 2021 18:58:49 下午 com.john.diytomcat.catalina.Context <init>
INFO : Deployment of web application directory D:\Projects\idea_projects\diytomcat\webapps\a has finished in 151 ms
02 20, 2021 18:58:49 下午 com.john.diytomcat.catalina.Context <init>
INFO : Deploying web application directory D:\Projects\idea_projects\diytomcat\webapps\ROOT
02 20, 2021 18:58:49 下午 com.john.diytomcat.catalina.Context <init>
INFO : Deployment of web application directory D:\Projects\idea_projects\diytomcat\webapps\ROOT has finished in 1 ms
02 20, 2021 18:58:49 下午 com.john.diytomcat.catalina.Context <init>
INFO : Deploying web application directory d:/Projects/idea_projects/diytomcat/b
02 20, 2021 18:58:49 下午 com.john.diytomcat.catalina.Context <init>
INFO : Deployment of web application directory d:/Projects/idea_projects/diytomcat/b has finished in 1 ms
02 20, 2021 18:58:49 下午 com.john.diytomcat.catalina.Server logJVM
INFO : Server version:		DIYTomcat/1.0.0
02 20, 2021 18:58:49 下午 com.john.diytomcat.catalina.Server logJVM
INFO : Server built:		2020-11-1 14:11:00
02 20, 2021 18:58:49 下午 com.john.diytomcat.catalina.Server logJVM
INFO : Server number:		1.0.1
02 20, 2021 18:58:49 下午 com.john.diytomcat.catalina.Server logJVM
INFO : OS Name	:		Windows 10
02 20, 2021 18:58:49 下午 com.john.diytomcat.catalina.Server logJVM
INFO : OS Version:		10.0
02 20, 2021 18:58:49 下午 com.john.diytomcat.catalina.Server logJVM
INFO : Architecture:		amd64
02 20, 2021 18:58:49 下午 com.john.diytomcat.catalina.Server logJVM
INFO : Java Home:		C:\Program Files\Java\jdk1.8.0_271\jre
02 20, 2021 18:58:49 下午 com.john.diytomcat.catalina.Server logJVM
INFO : JVM Version:		1.8.0_271-b09
02 20, 2021 18:58:49 下午 com.john.diytomcat.catalina.Server logJVM
INFO : JVM Vendor:		Oracle Corporation
02 20, 2021 18:58:49 下午 com.john.diytomcat.catalina.Connector init
INFO : Initializing ProtocolHandler [http-bio-18080]
02 20, 2021 18:58:49 下午 com.john.diytomcat.catalina.Connector init
INFO : Initializing ProtocolHandler [http-bio-18081]
02 20, 2021 18:58:49 下午 com.john.diytomcat.catalina.Connector init
INFO : Initializing ProtocolHandler [http-bio-18082]
02 20, 2021 18:58:49 下午 com.john.diytomcat.catalina.Service init
INFO : Initialization processed in 2 ms
02 20, 2021 18:58:49 下午 com.john.diytomcat.catalina.Connector start
INFO : Starting ProtocolHandler [http-bio-18080]
02 20, 2021 18:58:49 下午 com.john.diytomcat.catalina.Connector start
INFO : Starting ProtocolHandler [http-bio-18081]
02 20, 2021 18:58:49 下午 com.john.diytomcat.catalina.Connector start
INFO : Starting ProtocolHandler [http-bio-18082]
02 20, 2021 18:58:49 下午 com.john.diytomcat.catalina.Server start
INFO : Server startup in 5 ms
02 20, 2021 18:58:56 下午 com.john.diytomcat.catalina.HttpProcessor error
ERROR: this is a deliberately created exception
java.lang.Exception: this is a deliberately created exception
	at com.john.diytomcat.catalina.HttpProcessor.execute(HttpProcessor.java:29)
	at com.john.diytomcat.catalina.Connector$1.run(Connector.java:49)
	at java.util.concurrent.ThreadPoolExecutor.runWorker(ThreadPoolExecutor.java:1149)
	at java.util.concurrent.ThreadPoolExecutor$Worker.run(ThreadPoolExecutor.java:624)
	at java.lang.Thread.run(Thread.java:748)
